{
  "RSpec": {
    "coverage": {
      "/home/daniel/rails6/estoque-facil/spec/support/factory_bot.rb": {
        "lines": [
          1,
          1,
          null
        ]
      },
      "/home/daniel/rails6/estoque-facil/spec/support/shoulda_matchers.rb": {
        "lines": [
          1,
          1,
          1,
          1,
          null,
          null
        ]
      },
      "/home/daniel/rails6/estoque-facil/app/models/business_unit.rb": {
        "lines": [
          1,
          1,
          null
        ]
      },
      "/home/daniel/rails6/estoque-facil/app/models/application_record.rb": {
        "lines": [
          1,
          1,
          null
        ]
      },
      "/home/daniel/rails6/estoque-facil/app/controllers/business_units_controller.rb": {
        "lines": [
          1,
          1,
          null,
          1,
          1,
          null,
          null,
          1,
          0,
          null,
          null,
          1,
          null,
          1,
          0,
          null,
          0,
          0,
          0,
          null,
          0,
          null,
          null,
          null,
          null,
          1,
          null,
          1,
          0,
          0,
          0,
          null,
          0,
          null,
          null,
          null,
          null,
          1,
          0,
          0,
          null,
          null,
          1,
          null,
          1,
          0,
          null,
          null,
          1,
          0,
          null,
          null
        ]
      },
      "/home/daniel/rails6/estoque-facil/app/controllers/application_controller.rb": {
        "lines": [
          1,
          null
        ]
      }
    },
    "timestamp": 1648059794
  }
}
